feature/audio/build/intermediates/manifest_merge_blame_file/release/processReleaseManifest/manifest-merger-blame-release-report.txt
1<?xml version="1.0" encoding="utf-8"?>
2<manifest xmlns:android="http://schemas.android.com/apk/res/android"
3    package="com.avozdedeus.avozdedeusjpc.audio" >
4
5    <uses-sdk android:minSdkVersion="30" />
6
7    <uses-permission android:name="android.permission.FOREGROUND_SERVICE" />
7-->src\main\AndroidManifest.xml:2:5-77
7-->src\main\AndroidManifest.xml:2:22-74
8    <uses-permission android:name="android.permission.FOREGROUND_SERVICE_MEDIA_PLAYBACK" />
8-->src\main\AndroidManifest.xml:3:5-92
8-->src\main\AndroidManifest.xml:3:22-89
9
10    <application>
10-->src\main\AndroidManifest.xml:5:5-21:19
11        <activity
11-->src\main\AndroidManifest.xml:6:9-9:58
12            android:name="com.avozdedeus.avozdedeusjpc.audio.AudioActivity"
12-->src\main\AndroidManifest.xml:7:13-76
13            android:exported="false"
13-->src\main\AndroidManifest.xml:8:13-37
14            android:theme="@style/Theme.AVozDeDeusJPC" />
14-->src\main\AndroidManifest.xml:9:13-55
15
16        <service
16-->src\main\AndroidManifest.xml:11:9-20:19
17            android:name="com.avozdedeus.avozdedeusjpc.audio.AudioPlaybackService"
17-->src\main\AndroidManifest.xml:12:13-83
18            android:enabled="true"
18-->src\main\AndroidManifest.xml:13:13-35
19            android:exported="true"
19-->src\main\AndroidManifest.xml:14:13-36
20            android:foregroundServiceType="mediaPlayback" >
20-->src\main\AndroidManifest.xml:15:13-58
21            <intent-filter>
21-->src\main\AndroidManifest.xml:16:13-19:29
22                <action android:name="androidx.media3.session.MediaSessionService" />
22-->src\main\AndroidManifest.xml:17:17-86
22-->src\main\AndroidManifest.xml:17:25-83
23                <action android:name="android.media.browse.MediaBrowserService" />
23-->src\main\AndroidManifest.xml:18:17-83
23-->src\main\AndroidManifest.xml:18:25-80
24            </intent-filter>
25        </service>
26    </application>
27
28</manifest>